{"C:\\Users\\User\\Documents\\FUTURE_PROOF\\LAP_TWO\\LAP_TWO_PROJECT\\backend\\Backend_raad_project\\server-mongodb\\api\\dbConfig.js": {"path":"C:\\Users\\User\\Documents\\FUTURE_PROOF\\LAP_TWO\\LAP_TWO_PROJECT\\backend\\Backend_raad_project\\server-mongodb\\api\\dbConfig.js","statementMap":{"0":{"start":{"line":1,"column":24},"end":{"line":1,"column":42}},"1":{"start":{"line":2,"column":22},"end":{"line":2,"column":47}},"2":{"start":{"line":4,"column":15},"end":{"line":4,"column":34}},"3":{"start":{"line":6,"column":13},"end":{"line":10,"column":1}},"4":{"start":{"line":7,"column":15},"end":{"line":7,"column":55}},"5":{"start":{"line":8,"column":2},"end":{"line":8,"column":47}},"6":{"start":{"line":9,"column":2},"end":{"line":9,"column":26}},"7":{"start":{"line":13,"column":0},"end":{"line":13,"column":26}}},"fnMap":{"0":{"name":"(anonymous_0)","decl":{"start":{"line":6,"column":13},"end":{"line":6,"column":14}},"loc":{"start":{"line":6,"column":25},"end":{"line":10,"column":1}},"line":6}},"branchMap":{},"s":{"0":1,"1":1,"2":1,"3":1,"4":0,"5":0,"6":0,"7":1},"f":{"0":0},"b":{},"_coverageSchema":"1a1c01bbd47fc00a2c39e90264f33305004495a9","hash":"392753c7e257e300a5b6db8fa32b3a1135d84c81"}
,"C:\\Users\\User\\Documents\\FUTURE_PROOF\\LAP_TWO\\LAP_TWO_PROJECT\\backend\\Backend_raad_project\\server-mongodb\\api\\server.js": {"path":"C:\\Users\\User\\Documents\\FUTURE_PROOF\\LAP_TWO\\LAP_TWO_PROJECT\\backend\\Backend_raad_project\\server-mongodb\\api\\server.js","statementMap":{"0":{"start":{"line":1,"column":16},"end":{"line":1,"column":34}},"1":{"start":{"line":2,"column":13},"end":{"line":2,"column":28}},"2":{"start":{"line":4,"column":15},"end":{"line":4,"column":24}},"3":{"start":{"line":5,"column":0},"end":{"line":5,"column":19}},"4":{"start":{"line":6,"column":0},"end":{"line":6,"column":27}},"5":{"start":{"line":8,"column":20},"end":{"line":8,"column":44}},"6":{"start":{"line":9,"column":0},"end":{"line":9,"column":40}},"7":{"start":{"line":10,"column":0},"end":{"line":10,"column":38}},"8":{"start":{"line":11,"column":0},"end":{"line":11,"column":39}},"9":{"start":{"line":14,"column":0},"end":{"line":14,"column":76}},"10":{"start":{"line":14,"column":30},"end":{"line":14,"column":74}},"11":{"start":{"line":16,"column":0},"end":{"line":16,"column":24}}},"fnMap":{"0":{"name":"(anonymous_0)","decl":{"start":{"line":14,"column":16},"end":{"line":14,"column":17}},"loc":{"start":{"line":14,"column":30},"end":{"line":14,"column":74}},"line":14}},"branchMap":{},"s":{"0":1,"1":1,"2":1,"3":1,"4":1,"5":1,"6":1,"7":1,"8":1,"9":1,"10":0,"11":1},"f":{"0":0},"b":{},"_coverageSchema":"1a1c01bbd47fc00a2c39e90264f33305004495a9","hash":"5bb2df86077d186b79a69f415a3beb4a45e49980"}
,"C:\\Users\\User\\Documents\\FUTURE_PROOF\\LAP_TWO\\LAP_TWO_PROJECT\\backend\\Backend_raad_project\\server-mongodb\\api\\controllers\\auth.js": {"path":"C:\\Users\\User\\Documents\\FUTURE_PROOF\\LAP_TWO\\LAP_TWO_PROJECT\\backend\\Backend_raad_project\\server-mongodb\\api\\controllers\\auth.js","statementMap":{"0":{"start":{"line":1,"column":16},"end":{"line":1,"column":34}},"1":{"start":{"line":2,"column":15},"end":{"line":2,"column":31}},"2":{"start":{"line":3,"column":15},"end":{"line":3,"column":34}},"3":{"start":{"line":4,"column":12},"end":{"line":4,"column":35}},"4":{"start":{"line":6,"column":13},"end":{"line":6,"column":38}},"5":{"start":{"line":8,"column":0},"end":{"line":18,"column":3}},"6":{"start":{"line":9,"column":2},"end":{"line":17,"column":3}},"7":{"start":{"line":11,"column":17},"end":{"line":11,"column":39}},"8":{"start":{"line":12,"column":19},"end":{"line":12,"column":61}},"9":{"start":{"line":13,"column":4},"end":{"line":13,"column":57}},"10":{"start":{"line":14,"column":4},"end":{"line":14,"column":50}},"11":{"start":{"line":16,"column":4},"end":{"line":16,"column":34}},"12":{"start":{"line":20,"column":0},"end":{"line":45,"column":3}},"13":{"start":{"line":21,"column":2},"end":{"line":44,"column":3}},"14":{"start":{"line":22,"column":17},"end":{"line":22,"column":55}},"15":{"start":{"line":23,"column":4},"end":{"line":25,"column":5}},"16":{"start":{"line":24,"column":6},"end":{"line":24,"column":49}},"17":{"start":{"line":26,"column":19},"end":{"line":26,"column":73}},"18":{"start":{"line":27,"column":4},"end":{"line":41,"column":5}},"19":{"start":{"line":28,"column":22},"end":{"line":28,"column":68}},"20":{"start":{"line":29,"column":24},"end":{"line":37,"column":7}},"21":{"start":{"line":30,"column":8},"end":{"line":32,"column":9}},"22":{"start":{"line":31,"column":10},"end":{"line":31,"column":55}},"23":{"start":{"line":33,"column":8},"end":{"line":36,"column":11}},"24":{"start":{"line":38,"column":6},"end":{"line":38,"column":55}},"25":{"start":{"line":40,"column":6},"end":{"line":40,"column":57}},"26":{"start":{"line":43,"column":4},"end":{"line":43,"column":47}},"27":{"start":{"line":47,"column":0},"end":{"line":47,"column":24}}},"fnMap":{"0":{"name":"(anonymous_0)","decl":{"start":{"line":8,"column":25},"end":{"line":8,"column":26}},"loc":{"start":{"line":8,"column":45},"end":{"line":18,"column":1}},"line":8},"1":{"name":"(anonymous_1)","decl":{"start":{"line":20,"column":22},"end":{"line":20,"column":23}},"loc":{"start":{"line":20,"column":42},"end":{"line":45,"column":1}},"line":20},"2":{"name":"(anonymous_2)","decl":{"start":{"line":29,"column":24},"end":{"line":29,"column":25}},"loc":{"start":{"line":29,"column":40},"end":{"line":37,"column":7}},"line":29}},"branchMap":{"0":{"loc":{"start":{"line":23,"column":4},"end":{"line":25,"column":5}},"type":"if","locations":[{"start":{"line":23,"column":4},"end":{"line":25,"column":5}},{"start":{},"end":{}}],"line":23},"1":{"loc":{"start":{"line":27,"column":4},"end":{"line":41,"column":5}},"type":"if","locations":[{"start":{"line":27,"column":4},"end":{"line":41,"column":5}},{"start":{"line":39,"column":11},"end":{"line":41,"column":5}}],"line":27},"2":{"loc":{"start":{"line":30,"column":8},"end":{"line":32,"column":9}},"type":"if","locations":[{"start":{"line":30,"column":8},"end":{"line":32,"column":9}},{"start":{},"end":{}}],"line":30}},"s":{"0":1,"1":1,"2":1,"3":1,"4":1,"5":1,"6":0,"7":0,"8":0,"9":0,"10":0,"11":0,"12":1,"13":0,"14":0,"15":0,"16":0,"17":0,"18":0,"19":0,"20":0,"21":0,"22":0,"23":0,"24":0,"25":0,"26":0,"27":1},"f":{"0":0,"1":0,"2":0},"b":{"0":[0,0],"1":[0,0],"2":[0,0]},"_coverageSchema":"1a1c01bbd47fc00a2c39e90264f33305004495a9","hash":"5173f07f710eeb8a36c96ac80b8f6d4a39a2872b"}
,"C:\\Users\\User\\Documents\\FUTURE_PROOF\\LAP_TWO\\LAP_TWO_PROJECT\\backend\\Backend_raad_project\\server-mongodb\\api\\controllers\\index.js": {"path":"C:\\Users\\User\\Documents\\FUTURE_PROOF\\LAP_TWO\\LAP_TWO_PROJECT\\backend\\Backend_raad_project\\server-mongodb\\api\\controllers\\index.js","statementMap":{"0":{"start":{"line":1,"column":0},"end":{"line":5,"column":2}}},"fnMap":{},"branchMap":{},"s":{"0":1},"f":{},"b":{},"_coverageSchema":"1a1c01bbd47fc00a2c39e90264f33305004495a9","hash":"84e2ea69998c9b4d12fd5d11eca4fc23f7216f03"}
,"C:\\Users\\User\\Documents\\FUTURE_PROOF\\LAP_TWO\\LAP_TWO_PROJECT\\backend\\Backend_raad_project\\server-mongodb\\api\\controllers\\tasks.js": {"path":"C:\\Users\\User\\Documents\\FUTURE_PROOF\\LAP_TWO\\LAP_TWO_PROJECT\\backend\\Backend_raad_project\\server-mongodb\\api\\controllers\\tasks.js","statementMap":{"0":{"start":{"line":1,"column":16},"end":{"line":1,"column":34}},"1":{"start":{"line":2,"column":15},"end":{"line":2,"column":31}},"2":{"start":{"line":3,"column":12},"end":{"line":3,"column":35}},"3":{"start":{"line":5,"column":13},"end":{"line":5,"column":38}},"4":{"start":{"line":7,"column":0},"end":{"line":14,"column":3}},"5":{"start":{"line":8,"column":2},"end":{"line":13,"column":3}},"6":{"start":{"line":9,"column":18},"end":{"line":9,"column":32}},"7":{"start":{"line":10,"column":4},"end":{"line":10,"column":24}},"8":{"start":{"line":12,"column":4},"end":{"line":12,"column":34}},"9":{"start":{"line":16,"column":0},"end":{"line":23,"column":3}},"10":{"start":{"line":17,"column":2},"end":{"line":22,"column":3}},"11":{"start":{"line":18,"column":17},"end":{"line":18,"column":51}},"12":{"start":{"line":19,"column":4},"end":{"line":19,"column":19}},"13":{"start":{"line":21,"column":4},"end":{"line":21,"column":34}},"14":{"start":{"line":25,"column":0},"end":{"line":36,"column":3}},"15":{"start":{"line":26,"column":2},"end":{"line":35,"column":3}},"16":{"start":{"line":27,"column":17},"end":{"line":31,"column":5}},"17":{"start":{"line":32,"column":4},"end":{"line":32,"column":19}},"18":{"start":{"line":34,"column":4},"end":{"line":34,"column":34}},"19":{"start":{"line":38,"column":0},"end":{"line":46,"column":3}},"20":{"start":{"line":39,"column":2},"end":{"line":45,"column":3}},"21":{"start":{"line":40,"column":17},"end":{"line":40,"column":51}},"22":{"start":{"line":41,"column":24},"end":{"line":41,"column":43}},"23":{"start":{"line":42,"column":4},"end":{"line":42,"column":36}},"24":{"start":{"line":44,"column":4},"end":{"line":44,"column":34}},"25":{"start":{"line":48,"column":0},"end":{"line":56,"column":3}},"26":{"start":{"line":49,"column":2},"end":{"line":55,"column":3}},"27":{"start":{"line":50,"column":17},"end":{"line":50,"column":51}},"28":{"start":{"line":51,"column":4},"end":{"line":51,"column":25}},"29":{"start":{"line":52,"column":4},"end":{"line":52,"column":41}},"30":{"start":{"line":54,"column":4},"end":{"line":54,"column":34}},"31":{"start":{"line":59,"column":16},"end":{"line":59,"column":44}},"32":{"start":{"line":60,"column":2},"end":{"line":71,"column":3}},"33":{"start":{"line":61,"column":6},"end":{"line":68,"column":8}},"34":{"start":{"line":62,"column":10},"end":{"line":62,"column":27}},"35":{"start":{"line":63,"column":10},"end":{"line":67,"column":11}},"36":{"start":{"line":64,"column":14},"end":{"line":64,"column":58}},"37":{"start":{"line":66,"column":14},"end":{"line":66,"column":21}},"38":{"start":{"line":70,"column":5},"end":{"line":70,"column":49}},"39":{"start":{"line":74,"column":0},"end":{"line":74,"column":24}}},"fnMap":{"0":{"name":"(anonymous_0)","decl":{"start":{"line":7,"column":29},"end":{"line":7,"column":30}},"loc":{"start":{"line":7,"column":49},"end":{"line":14,"column":1}},"line":7},"1":{"name":"(anonymous_1)","decl":{"start":{"line":16,"column":32},"end":{"line":16,"column":33}},"loc":{"start":{"line":16,"column":52},"end":{"line":23,"column":1}},"line":16},"2":{"name":"(anonymous_2)","decl":{"start":{"line":25,"column":30},"end":{"line":25,"column":31}},"loc":{"start":{"line":25,"column":50},"end":{"line":36,"column":1}},"line":25},"3":{"name":"(anonymous_3)","decl":{"start":{"line":38,"column":34},"end":{"line":38,"column":35}},"loc":{"start":{"line":38,"column":54},"end":{"line":46,"column":1}},"line":38},"4":{"name":"(anonymous_4)","decl":{"start":{"line":48,"column":35},"end":{"line":48,"column":36}},"loc":{"start":{"line":48,"column":55},"end":{"line":56,"column":1}},"line":48},"5":{"name":"verifyToken","decl":{"start":{"line":58,"column":9},"end":{"line":58,"column":20}},"loc":{"start":{"line":58,"column":35},"end":{"line":72,"column":1}},"line":58},"6":{"name":"(anonymous_6)","decl":{"start":{"line":61,"column":44},"end":{"line":61,"column":45}},"loc":{"start":{"line":61,"column":65},"end":{"line":68,"column":7}},"line":61}},"branchMap":{"0":{"loc":{"start":{"line":60,"column":2},"end":{"line":71,"column":3}},"type":"if","locations":[{"start":{"line":60,"column":2},"end":{"line":71,"column":3}},{"start":{"line":69,"column":9},"end":{"line":71,"column":3}}],"line":60},"1":{"loc":{"start":{"line":63,"column":10},"end":{"line":67,"column":11}},"type":"if","locations":[{"start":{"line":63,"column":10},"end":{"line":67,"column":11}},{"start":{"line":65,"column":17},"end":{"line":67,"column":11}}],"line":63}},"s":{"0":1,"1":1,"2":1,"3":1,"4":1,"5":0,"6":0,"7":0,"8":0,"9":1,"10":0,"11":0,"12":0,"13":0,"14":1,"15":0,"16":0,"17":0,"18":0,"19":1,"20":0,"21":0,"22":0,"23":0,"24":0,"25":1,"26":0,"27":0,"28":0,"29":0,"30":0,"31":4,"32":4,"33":0,"34":0,"35":0,"36":0,"37":0,"38":4,"39":1},"f":{"0":0,"1":0,"2":0,"3":0,"4":0,"5":4,"6":0},"b":{"0":[0,4],"1":[0,0]},"_coverageSchema":"1a1c01bbd47fc00a2c39e90264f33305004495a9","hash":"da4c80c14289a03a0cdcadd3caa9a52d9aadf7d5"}
,"C:\\Users\\User\\Documents\\FUTURE_PROOF\\LAP_TWO\\LAP_TWO_PROJECT\\backend\\Backend_raad_project\\server-mongodb\\api\\controllers\\users.js": {"path":"C:\\Users\\User\\Documents\\FUTURE_PROOF\\LAP_TWO\\LAP_TWO_PROJECT\\backend\\Backend_raad_project\\server-mongodb\\api\\controllers\\users.js","statementMap":{"0":{"start":{"line":1,"column":16},"end":{"line":1,"column":34}},"1":{"start":{"line":2,"column":15},"end":{"line":2,"column":31}},"2":{"start":{"line":4,"column":13},"end":{"line":4,"column":38}},"3":{"start":{"line":6,"column":0},"end":{"line":9,"column":3}},"4":{"start":{"line":7,"column":16},"end":{"line":7,"column":30}},"5":{"start":{"line":8,"column":2},"end":{"line":8,"column":18}},"6":{"start":{"line":47,"column":0},"end":{"line":47,"column":24}}},"fnMap":{"0":{"name":"(anonymous_0)","decl":{"start":{"line":6,"column":16},"end":{"line":6,"column":17}},"loc":{"start":{"line":6,"column":36},"end":{"line":9,"column":1}},"line":6}},"branchMap":{},"s":{"0":1,"1":1,"2":1,"3":1,"4":0,"5":0,"6":1},"f":{"0":0},"b":{},"_coverageSchema":"1a1c01bbd47fc00a2c39e90264f33305004495a9","hash":"58c7f519e7ced11523717205f862c1603219dd8f"}
,"C:\\Users\\User\\Documents\\FUTURE_PROOF\\LAP_TWO\\LAP_TWO_PROJECT\\backend\\Backend_raad_project\\server-mongodb\\api\\models\\task.js": {"path":"C:\\Users\\User\\Documents\\FUTURE_PROOF\\LAP_TWO\\LAP_TWO_PROJECT\\backend\\Backend_raad_project\\server-mongodb\\api\\models\\task.js","statementMap":{"0":{"start":{"line":1,"column":17},"end":{"line":1,"column":39}},"1":{"start":{"line":2,"column":21},"end":{"line":2,"column":39}},"2":{"start":{"line":4,"column":0},"end":{"line":90,"column":2}},"3":{"start":{"line":6,"column":4},"end":{"line":6,"column":22}},"4":{"start":{"line":7,"column":4},"end":{"line":7,"column":28}},"5":{"start":{"line":8,"column":4},"end":{"line":8,"column":36}},"6":{"start":{"line":9,"column":4},"end":{"line":9,"column":26}},"7":{"start":{"line":13,"column":4},"end":{"line":24,"column":7}},"8":{"start":{"line":14,"column":6},"end":{"line":23,"column":7}},"9":{"start":{"line":15,"column":19},"end":{"line":15,"column":31}},"10":{"start":{"line":16,"column":25},"end":{"line":16,"column":70}},"11":{"start":{"line":18,"column":8},"end":{"line":18,"column":30}},"12":{"start":{"line":19,"column":20},"end":{"line":19,"column":52}},"13":{"start":{"line":19,"column":40},"end":{"line":19,"column":51}},"14":{"start":{"line":20,"column":8},"end":{"line":20,"column":23}},"15":{"start":{"line":22,"column":8},"end":{"line":22,"column":33}},"16":{"start":{"line":28,"column":4},"end":{"line":41,"column":7}},"17":{"start":{"line":29,"column":6},"end":{"line":40,"column":7}},"18":{"start":{"line":30,"column":19},"end":{"line":30,"column":31}},"19":{"start":{"line":31,"column":23},"end":{"line":34,"column":20}},"20":{"start":{"line":35,"column":8},"end":{"line":35,"column":30}},"21":{"start":{"line":36,"column":19},"end":{"line":36,"column":68}},"22":{"start":{"line":37,"column":8},"end":{"line":37,"column":22}},"23":{"start":{"line":39,"column":8},"end":{"line":39,"column":33}},"24":{"start":{"line":45,"column":4},"end":{"line":56,"column":7}},"25":{"start":{"line":46,"column":6},"end":{"line":55,"column":7}},"26":{"start":{"line":47,"column":19},"end":{"line":47,"column":31}},"27":{"start":{"line":48,"column":23},"end":{"line":50,"column":48}},"28":{"start":{"line":51,"column":22},"end":{"line":51,"column":47}},"29":{"start":{"line":52,"column":8},"end":{"line":52,"column":25}},"30":{"start":{"line":54,"column":8},"end":{"line":54,"column":38}},"31":{"start":{"line":61,"column":4},"end":{"line":76,"column":7}},"32":{"start":{"line":62,"column":6},"end":{"line":75,"column":7}},"33":{"start":{"line":63,"column":19},"end":{"line":63,"column":31}},"34":{"start":{"line":64,"column":30},"end":{"line":70,"column":11}},"35":{"start":{"line":71,"column":26},"end":{"line":71,"column":57}},"36":{"start":{"line":72,"column":8},"end":{"line":72,"column":29}},"37":{"start":{"line":74,"column":8},"end":{"line":74,"column":38}},"38":{"start":{"line":80,"column":4},"end":{"line":88,"column":7}},"39":{"start":{"line":81,"column":6},"end":{"line":87,"column":7}},"40":{"start":{"line":82,"column":19},"end":{"line":82,"column":31}},"41":{"start":{"line":83,"column":8},"end":{"line":83,"column":75}},"42":{"start":{"line":84,"column":8},"end":{"line":84,"column":36}},"43":{"start":{"line":86,"column":8},"end":{"line":86,"column":44}}},"fnMap":{"0":{"name":"(anonymous_0)","decl":{"start":{"line":5,"column":2},"end":{"line":5,"column":3}},"loc":{"start":{"line":5,"column":20},"end":{"line":10,"column":3}},"line":5},"1":{"name":"(anonymous_1)","decl":{"start":{"line":12,"column":2},"end":{"line":12,"column":3}},"loc":{"start":{"line":12,"column":19},"end":{"line":25,"column":3}},"line":12},"2":{"name":"(anonymous_2)","decl":{"start":{"line":13,"column":23},"end":{"line":13,"column":24}},"loc":{"start":{"line":13,"column":50},"end":{"line":24,"column":5}},"line":13},"3":{"name":"(anonymous_3)","decl":{"start":{"line":19,"column":33},"end":{"line":19,"column":34}},"loc":{"start":{"line":19,"column":40},"end":{"line":19,"column":51}},"line":19},"4":{"name":"(anonymous_4)","decl":{"start":{"line":27,"column":2},"end":{"line":27,"column":3}},"loc":{"start":{"line":27,"column":22},"end":{"line":42,"column":3}},"line":27},"5":{"name":"(anonymous_5)","decl":{"start":{"line":28,"column":23},"end":{"line":28,"column":24}},"loc":{"start":{"line":28,"column":50},"end":{"line":41,"column":5}},"line":28},"6":{"name":"(anonymous_6)","decl":{"start":{"line":44,"column":2},"end":{"line":44,"column":3}},"loc":{"start":{"line":44,"column":40},"end":{"line":57,"column":3}},"line":44},"7":{"name":"(anonymous_7)","decl":{"start":{"line":45,"column":23},"end":{"line":45,"column":24}},"loc":{"start":{"line":45,"column":50},"end":{"line":56,"column":5}},"line":45},"8":{"name":"(anonymous_8)","decl":{"start":{"line":60,"column":2},"end":{"line":60,"column":3}},"loc":{"start":{"line":60,"column":11},"end":{"line":77,"column":3}},"line":60},"9":{"name":"(anonymous_9)","decl":{"start":{"line":61,"column":23},"end":{"line":61,"column":24}},"loc":{"start":{"line":61,"column":50},"end":{"line":76,"column":5}},"line":61},"10":{"name":"(anonymous_10)","decl":{"start":{"line":79,"column":2},"end":{"line":79,"column":3}},"loc":{"start":{"line":79,"column":12},"end":{"line":89,"column":3}},"line":79},"11":{"name":"(anonymous_11)","decl":{"start":{"line":80,"column":23},"end":{"line":80,"column":24}},"loc":{"start":{"line":80,"column":50},"end":{"line":88,"column":5}},"line":80}},"branchMap":{},"s":{"0":1,"1":1,"2":1,"3":0,"4":0,"5":0,"6":0,"7":0,"8":0,"9":0,"10":0,"11":0,"12":0,"13":0,"14":0,"15":0,"16":0,"17":0,"18":0,"19":0,"20":0,"21":0,"22":0,"23":0,"24":0,"25":0,"26":0,"27":0,"28":0,"29":0,"30":0,"31":0,"32":0,"33":0,"34":0,"35":0,"36":0,"37":0,"38":0,"39":0,"40":0,"41":0,"42":0,"43":0},"f":{"0":0,"1":0,"2":0,"3":0,"4":0,"5":0,"6":0,"7":0,"8":0,"9":0,"10":0,"11":0},"b":{},"_coverageSchema":"1a1c01bbd47fc00a2c39e90264f33305004495a9","hash":"cfa9ec1615ef84b8bc6e9019d06abd40a35c4b49"}
,"C:\\Users\\User\\Documents\\FUTURE_PROOF\\LAP_TWO\\LAP_TWO_PROJECT\\backend\\Backend_raad_project\\server-mongodb\\api\\models\\user.js": {"path":"C:\\Users\\User\\Documents\\FUTURE_PROOF\\LAP_TWO\\LAP_TWO_PROJECT\\backend\\Backend_raad_project\\server-mongodb\\api\\models\\user.js","statementMap":{"0":{"start":{"line":1,"column":17},"end":{"line":1,"column":39}},"1":{"start":{"line":2,"column":21},"end":{"line":2,"column":39}},"2":{"start":{"line":6,"column":0},"end":{"line":91,"column":2}},"3":{"start":{"line":8,"column":4},"end":{"line":8,"column":22}},"4":{"start":{"line":9,"column":4},"end":{"line":9,"column":34}},"5":{"start":{"line":10,"column":4},"end":{"line":10,"column":26}},"6":{"start":{"line":11,"column":4},"end":{"line":11,"column":47}},"7":{"start":{"line":12,"column":4},"end":{"line":12,"column":28}},"8":{"start":{"line":16,"column":4},"end":{"line":26,"column":7}},"9":{"start":{"line":17,"column":6},"end":{"line":25,"column":7}},"10":{"start":{"line":18,"column":19},"end":{"line":18,"column":31}},"11":{"start":{"line":19,"column":25},"end":{"line":19,"column":70}},"12":{"start":{"line":20,"column":8},"end":{"line":20,"column":30}},"13":{"start":{"line":22,"column":8},"end":{"line":22,"column":26}},"14":{"start":{"line":24,"column":8},"end":{"line":24,"column":33}},"15":{"start":{"line":30,"column":4},"end":{"line":42,"column":7}},"16":{"start":{"line":31,"column":6},"end":{"line":41,"column":7}},"17":{"start":{"line":32,"column":19},"end":{"line":32,"column":31}},"18":{"start":{"line":33,"column":23},"end":{"line":36,"column":20}},"19":{"start":{"line":37,"column":19},"end":{"line":37,"column":73}},"20":{"start":{"line":38,"column":8},"end":{"line":38,"column":22}},"21":{"start":{"line":40,"column":8},"end":{"line":40,"column":33}},"22":{"start":{"line":65,"column":4},"end":{"line":76,"column":7}},"23":{"start":{"line":66,"column":6},"end":{"line":75,"column":7}},"24":{"start":{"line":67,"column":19},"end":{"line":67,"column":31}},"25":{"start":{"line":68,"column":23},"end":{"line":70,"column":30}},"26":{"start":{"line":72,"column":8},"end":{"line":72,"column":26}},"27":{"start":{"line":74,"column":8},"end":{"line":74,"column":38}}},"fnMap":{"0":{"name":"(anonymous_0)","decl":{"start":{"line":7,"column":2},"end":{"line":7,"column":3}},"loc":{"start":{"line":7,"column":20},"end":{"line":13,"column":3}},"line":7},"1":{"name":"(anonymous_1)","decl":{"start":{"line":15,"column":2},"end":{"line":15,"column":3}},"loc":{"start":{"line":15,"column":19},"end":{"line":27,"column":3}},"line":15},"2":{"name":"(anonymous_2)","decl":{"start":{"line":16,"column":23},"end":{"line":16,"column":24}},"loc":{"start":{"line":16,"column":50},"end":{"line":26,"column":5}},"line":16},"3":{"name":"(anonymous_3)","decl":{"start":{"line":29,"column":2},"end":{"line":29,"column":3}},"loc":{"start":{"line":29,"column":28},"end":{"line":43,"column":3}},"line":29},"4":{"name":"(anonymous_4)","decl":{"start":{"line":30,"column":23},"end":{"line":30,"column":24}},"loc":{"start":{"line":30,"column":50},"end":{"line":42,"column":5}},"line":30},"5":{"name":"(anonymous_5)","decl":{"start":{"line":64,"column":2},"end":{"line":64,"column":3}},"loc":{"start":{"line":64,"column":26},"end":{"line":77,"column":3}},"line":64},"6":{"name":"(anonymous_6)","decl":{"start":{"line":65,"column":23},"end":{"line":65,"column":24}},"loc":{"start":{"line":65,"column":50},"end":{"line":76,"column":5}},"line":65}},"branchMap":{},"s":{"0":1,"1":1,"2":1,"3":0,"4":0,"5":0,"6":0,"7":0,"8":0,"9":0,"10":0,"11":0,"12":0,"13":0,"14":0,"15":0,"16":0,"17":0,"18":0,"19":0,"20":0,"21":0,"22":0,"23":0,"24":0,"25":0,"26":0,"27":0},"f":{"0":0,"1":0,"2":0,"3":0,"4":0,"5":0,"6":0},"b":{},"_coverageSchema":"1a1c01bbd47fc00a2c39e90264f33305004495a9","hash":"bd9e547861d095f3a09bcdbb8997d35a6a8bcf96"}
}
